<?xml version="1.0" encoding="UTF-8"?>
<testng-results ignored="0" total="2" passed="1" failed="1" skipped="0">
  <reporter-output>
    <line>
      <![CDATA[Url Launched: https://opensource-demo.orangehrmlive.com/web/index.php/auth/login]]>
    </line>
    <line>
      <![CDATA[Url Launched: https://opensource-demo.orangehrmlive.com/web/index.php/auth/login]]>
    </line>
    <line>
      <![CDATA[Browser Closed]]>
    </line>
    <line>
      <![CDATA[Browser Closed]]>
    </line>
  </reporter-output>
  <suite started-at="2022-11-08T21:29:32 IST" name="Suite" finished-at="2022-11-08T21:30:22 IST" duration-ms="50882">
    <groups>
    </groups>
    <test started-at="2022-11-08T21:29:32 IST" name="OrangeHRMTest" finished-at="2022-11-08T21:30:22 IST" duration-ms="50882">
      <class name="com.ttt.orangehrmtests.OHRMTests">
        <test-method is-config="true" signature="launchUrl()[pri:0, instance:com.ttt.orangehrmtests.OHRMTests@5c5eefef]" started-at="2022-11-08T21:29:32 IST" name="launchUrl" finished-at="2022-11-08T21:29:51 IST" duration-ms="19256" status="PASS">
          <reporter-output>
            <line>
              <![CDATA[Url Launched: https://opensource-demo.orangehrmlive.com/web/index.php/auth/login]]>
            </line>
          </reporter-output>
        </test-method> <!-- launchUrl -->
        <test-method is-config="true" signature="launchUrl()[pri:0, instance:com.ttt.orangehrmtests.OHRMTests@5c5eefef]" started-at="2022-11-08T21:29:32 IST" name="launchUrl" finished-at="2022-11-08T21:29:51 IST" duration-ms="19377" status="PASS">
          <reporter-output>
            <line>
              <![CDATA[Url Launched: https://opensource-demo.orangehrmlive.com/web/index.php/auth/login]]>
            </line>
          </reporter-output>
        </test-method> <!-- launchUrl -->
        <test-method signature="addUser()[pri:0, instance:com.ttt.orangehrmtests.OHRMTests@5c5eefef]" started-at="2022-11-08T21:29:51 IST" name="addUser" finished-at="2022-11-08T21:30:22 IST" duration-ms="31378" status="FAIL">
          <exception class="org.openqa.selenium.NoSuchElementException">
            <message>
              <![CDATA[no such element: Unable to locate element: {"method":"xpath","selector":"//span[normalize-space(text())='Aaliyah Haq']"}
  (Session info: chrome=107.0.5304.88)
For documentation on this error, please visit: https://selenium.dev/exceptions/#no_such_element
Build info: version: '4.5.0', revision: 'fe167b119a'
System info: os.name: 'Windows 11', os.arch: 'amd64', os.version: '10.0', java.version: '18.0.1.1'
Driver info: org.openqa.selenium.chrome.ChromeDriver
Command: [6626a3c65fb9b263d9837796b199acad, findChildElement {id=79b0d562-8d53-4dc2-a036-13cd35d2a4da, using=xpath, value=//span[normalize-space(text())='Aaliyah Haq']}]
Capabilities {acceptInsecureCerts: false, browserName: chrome, browserVersion: 107.0.5304.88, chrome: {chromedriverVersion: 106.0.5249.61 (511755355844..., userDataDir: C:\Users\ajayc\AppData\Loca...}, goog:chromeOptions: {debuggerAddress: localhost:58024}, networkConnectionEnabled: false, pageLoadStrategy: normal, platformName: WINDOWS, proxy: Proxy(), se:cdp: ws://localhost:58024/devtoo..., se:cdpVersion: 107.0.5304.88, setWindowRect: true, strictFileInteractability: false, timeouts: {implicit: 0, pageLoad: 300000, script: 30000}, unhandledPromptBehavior: dismiss and notify, webauthn:extension:credBlob: true, webauthn:extension:largeBlob: true, webauthn:virtualAuthenticators: true}
Session ID: 6626a3c65fb9b263d9837796b199acad]]>
            </message>
            <full-stacktrace>
              <![CDATA[org.openqa.selenium.NoSuchElementException: no such element: Unable to locate element: {"method":"xpath","selector":"//span[normalize-space(text())='Aaliyah Haq']"}
  (Session info: chrome=107.0.5304.88)
For documentation on this error, please visit: https://selenium.dev/exceptions/#no_such_element
Build info: version: '4.5.0', revision: 'fe167b119a'
System info: os.name: 'Windows 11', os.arch: 'amd64', os.version: '10.0', java.version: '18.0.1.1'
Driver info: org.openqa.selenium.chrome.ChromeDriver
Command: [6626a3c65fb9b263d9837796b199acad, findChildElement {id=79b0d562-8d53-4dc2-a036-13cd35d2a4da, using=xpath, value=//span[normalize-space(text())='Aaliyah Haq']}]
Capabilities {acceptInsecureCerts: false, browserName: chrome, browserVersion: 107.0.5304.88, chrome: {chromedriverVersion: 106.0.5249.61 (511755355844..., userDataDir: C:\Users\ajayc\AppData\Loca...}, goog:chromeOptions: {debuggerAddress: localhost:58024}, networkConnectionEnabled: false, pageLoadStrategy: normal, platformName: WINDOWS, proxy: Proxy(), se:cdp: ws://localhost:58024/devtoo..., se:cdpVersion: 107.0.5304.88, setWindowRect: true, strictFileInteractability: false, timeouts: {implicit: 0, pageLoad: 300000, script: 30000}, unhandledPromptBehavior: dismiss and notify, webauthn:extension:credBlob: true, webauthn:extension:largeBlob: true, webauthn:virtualAuthenticators: true}
Session ID: 6626a3c65fb9b263d9837796b199acad
at java.base/jdk.internal.reflect.DirectConstructorHandleAccessor.newInstance(DirectConstructorHandleAccessor.java:67)
at java.base/java.lang.reflect.Constructor.newInstanceWithCaller(Constructor.java:499)
at java.base/java.lang.reflect.Constructor.newInstance(Constructor.java:483)
at org.openqa.selenium.remote.codec.w3c.W3CHttpResponseCodec.createException(W3CHttpResponseCodec.java:200)
at org.openqa.selenium.remote.codec.w3c.W3CHttpResponseCodec.decode(W3CHttpResponseCodec.java:133)
at org.openqa.selenium.remote.codec.w3c.W3CHttpResponseCodec.decode(W3CHttpResponseCodec.java:53)
at org.openqa.selenium.remote.HttpCommandExecutor.execute(HttpCommandExecutor.java:184)
at org.openqa.selenium.remote.service.DriverCommandExecutor.invokeExecute(DriverCommandExecutor.java:167)
at org.openqa.selenium.remote.service.DriverCommandExecutor.execute(DriverCommandExecutor.java:142)
at org.openqa.selenium.remote.RemoteWebDriver.execute(RemoteWebDriver.java:547)
at org.openqa.selenium.remote.ElementLocation$ElementFinder$2.findElement(ElementLocation.java:162)
at org.openqa.selenium.remote.ElementLocation.findElement(ElementLocation.java:60)
at org.openqa.selenium.remote.RemoteWebDriver.findElement(RemoteWebDriver.java:365)
at org.openqa.selenium.remote.RemoteWebElement.findElement(RemoteWebElement.java:227)
at com.ttt.uicomponents.OxdAutoCompleteWrapperComponent.getAutoCompletedOption(OxdAutoCompleteWrapperComponent.java:47)
at com.ttt.uicomponents.OxdAutoCompleteWrapperComponent.selectAutoCompletedText(OxdAutoCompleteWrapperComponent.java:39)
at com.ttt.uimodules.AddUserUiModule.enterEmployeeName(AddUserUiModule.java:33)
at com.ttt.orangehrmpages.AdminPage.enterAndSaveEmployeeDetails(AdminPage.java:29)
at com.ttt.orangehrmtests.OHRMTests.addUser(OHRMTests.java:39)
at java.base/jdk.internal.reflect.DirectMethodHandleAccessor.invoke(DirectMethodHandleAccessor.java:104)
at java.base/java.lang.reflect.Method.invoke(Method.java:577)
at org.testng.internal.invokers.MethodInvocationHelper.invokeMethod(MethodInvocationHelper.java:139)
at org.testng.internal.invokers.TestInvoker.invokeMethod(TestInvoker.java:677)
at org.testng.internal.invokers.TestInvoker.invokeTestMethod(TestInvoker.java:221)
at org.testng.internal.invokers.MethodRunner.runInSequence(MethodRunner.java:50)
at org.testng.internal.invokers.TestInvoker$MethodInvocationAgent.invoke(TestInvoker.java:962)
at org.testng.internal.invokers.TestInvoker.invokeTestMethods(TestInvoker.java:194)
at org.testng.internal.invokers.TestMethodWorker.invokeTestMethods(TestMethodWorker.java:148)
at org.testng.internal.invokers.TestMethodWorker.run(TestMethodWorker.java:128)
at java.base/java.util.concurrent.ThreadPoolExecutor.runWorker(ThreadPoolExecutor.java:1136)
at java.base/java.util.concurrent.ThreadPoolExecutor$Worker.run(ThreadPoolExecutor.java:635)
at java.base/java.lang.Thread.run(Thread.java:833)
]]>
            </full-stacktrace>
          </exception> <!-- org.openqa.selenium.NoSuchElementException -->
          <reporter-output>
          </reporter-output>
        </test-method> <!-- addUser -->
        <test-method signature="loginLogOut()[pri:0, instance:com.ttt.orangehrmtests.OHRMTests@5c5eefef]" started-at="2022-11-08T21:29:51 IST" name="loginLogOut" finished-at="2022-11-08T21:29:57 IST" duration-ms="5917" status="PASS">
          <reporter-output>
          </reporter-output>
        </test-method> <!-- loginLogOut -->
        <test-method is-config="true" signature="tearDown()[pri:0, instance:com.ttt.orangehrmtests.OHRMTests@5c5eefef]" started-at="2022-11-08T21:29:57 IST" name="tearDown" finished-at="2022-11-08T21:29:57 IST" duration-ms="191" status="PASS">
          <reporter-output>
            <line>
              <![CDATA[Browser Closed]]>
            </line>
          </reporter-output>
        </test-method> <!-- tearDown -->
        <test-method is-config="true" signature="tearDown()[pri:0, instance:com.ttt.orangehrmtests.OHRMTests@5c5eefef]" started-at="2022-11-08T21:30:22 IST" name="tearDown" finished-at="2022-11-08T21:30:22 IST" duration-ms="185" status="PASS">
          <reporter-output>
            <line>
              <![CDATA[Browser Closed]]>
            </line>
          </reporter-output>
        </test-method> <!-- tearDown -->
      </class> <!-- com.ttt.orangehrmtests.OHRMTests -->
    </test> <!-- OrangeHRMTest -->
  </suite> <!-- Suite -->
</testng-results>
