<?xml version="1.0" encoding="UTF-8"?>
<!-- Generated by org.testng.reporters.JUnitXMLReporter -->
<testsuite ignored="1" hostname="MY-HP" failures="0" tests="1" name="Default test" time="384.911" errors="0" timestamp="2022-11-08T20:01:04 IST">
  <testcase classname="com.ttt.orangehrmtests.OHRMTests" name="addUser" time="360.144"/>
  <testcase classname="com.ttt.orangehrmtests.OHRMTests" name="loginLogOut" time="0.0">
    <ignored/>
  </testcase> <!-- loginLogOut -->
</testsuite> <!-- Default test -->
